Analysis & Synthesis report for cyclone4_slave
Tue Jun 08 11:19:30 2021
Quartus Prime Version 18.1.0 Build 625 09/12/2018 SJ Standard Edition


---------------------
; Table of Contents ;
---------------------
  1. Legal Notice
  2. Analysis & Synthesis Summary
  3. Analysis & Synthesis Settings
  4. Parallel Compilation
  5. Analysis & Synthesis Source Files Read
  6. Analysis & Synthesis Resource Usage Summary
  7. Analysis & Synthesis Resource Utilization by Entity
  8. Analysis & Synthesis RAM Summary
  9. Analysis & Synthesis IP Cores Summary
 10. Registers Removed During Synthesis
 11. General Register Statistics
 12. Inverted Register Statistics
 13. Multiplexer Restructuring Statistics (Restructuring Performed)
 14. Source assignments for blaster_handler:BLASTER_INST|blaster_fifo:blaster_fifo_tx_inst|scfifo:scfifo_component|scfifo_vp21:auto_generated|a_dpfifo_6031:dpfifo|altsyncram_7bh1:FIFOram
 15. Source assignments for blaster_handler:BLASTER_INST|blaster_fifo:blaster_fifo_rx_inst|scfifo:scfifo_component|scfifo_vp21:auto_generated|a_dpfifo_6031:dpfifo|altsyncram_7bh1:FIFOram
 16. Parameter Settings for User Entity Instance: advanced_reset_n:RESET_INST
 17. Parameter Settings for User Entity Instance: advanced_reset_n:RESET_INST|reset:software_reset_inst
 18. Parameter Settings for User Entity Instance: advanced_reset_n:RESET_INST|sync_async_reset:CLK_DOMAIN_RESET_GENERATE[0].SYNC_ASYNC_RESET_INST
 19. Parameter Settings for User Entity Instance: blaster_handler:BLASTER_INST
 20. Parameter Settings for User Entity Instance: blaster_handler:BLASTER_INST|blaster_univibrator:blaster_nivibrator_inst
 21. Parameter Settings for User Entity Instance: blaster_handler:BLASTER_INST|blaster_tx:blaster_tx_inst
 22. Parameter Settings for User Entity Instance: blaster_handler:BLASTER_INST|blaster_fifo:blaster_fifo_tx_inst|scfifo:scfifo_component
 23. Parameter Settings for User Entity Instance: blaster_handler:BLASTER_INST|blaster_rx:blaster_rx_inst
 24. Parameter Settings for User Entity Instance: blaster_handler:BLASTER_INST|blaster_fifo:blaster_fifo_rx_inst|scfifo:scfifo_component
 25. scfifo Parameter Settings by Entity Instance
 26. Port Connectivity Checks: "blaster_handler:BLASTER_INST|blaster_fifo:blaster_fifo_rx_inst"
 27. Port Connectivity Checks: "blaster_handler:BLASTER_INST|blaster_rx:blaster_rx_inst"
 28. Port Connectivity Checks: "blaster_handler:BLASTER_INST|blaster_tx:blaster_tx_inst"
 29. Port Connectivity Checks: "blaster_handler:BLASTER_INST|blaster_univibrator:blaster_nivibrator_inst"
 30. Port Connectivity Checks: "blaster_handler:BLASTER_INST"
 31. Port Connectivity Checks: "advanced_reset_n:RESET_INST"
 32. Post-Synthesis Netlist Statistics for Top Partition
 33. Elapsed Time Per Partition
 34. Analysis & Synthesis Messages



----------------
; Legal Notice ;
----------------
Copyright (C) 2018  Intel Corporation. All rights reserved.
Your use of Intel Corporation's design tools, logic functions 
and other software and tools, and its AMPP partner logic 
functions, and any output files from any of the foregoing 
(including device programming or simulation files), and any 
associated documentation or information are expressly subject 
to the terms and conditions of the Intel Program License 
Subscription Agreement, the Intel Quartus Prime License Agreement,
the Intel FPGA IP License Agreement, or other applicable license
agreement, including, without limitation, that your use is for
the sole purpose of programming logic devices manufactured by
Intel and sold by Intel or its authorized distributors.  Please
refer to the applicable agreement for further details.



+--------------------------------------------------------------------------------------+
; Analysis & Synthesis Summary                                                         ;
+------------------------------------+-------------------------------------------------+
; Analysis & Synthesis Status        ; Successful - Tue Jun 08 11:19:30 2021           ;
; Quartus Prime Version              ; 18.1.0 Build 625 09/12/2018 SJ Standard Edition ;
; Revision Name                      ; cyclone4_slave                                  ;
; Top-level Entity Name              ; cyclone4_top                                    ;
; Family                             ; Cyclone IV E                                    ;
; Total logic elements               ; 258                                             ;
;     Total combinational functions  ; 226                                             ;
;     Dedicated logic registers      ; 182                                             ;
; Total registers                    ; 182                                             ;
; Total pins                         ; 9                                               ;
; Total virtual pins                 ; 0                                               ;
; Total memory bits                  ; 4,096                                           ;
; Embedded Multiplier 9-bit elements ; 0                                               ;
; Total PLLs                         ; 0                                               ;
+------------------------------------+-------------------------------------------------+


+------------------------------------------------------------------------------------------------------------+
; Analysis & Synthesis Settings                                                                              ;
+------------------------------------------------------------------+--------------------+--------------------+
; Option                                                           ; Setting            ; Default Value      ;
+------------------------------------------------------------------+--------------------+--------------------+
; Device                                                           ; EP4CE6E22C8        ;                    ;
; Top-level entity name                                            ; cyclone4_top       ; cyclone4_slave     ;
; Family name                                                      ; Cyclone IV E       ; Cyclone V          ;
; Maximum processors allowed for parallel compilation              ; All                ;                    ;
; Use smart compilation                                            ; Off                ; Off                ;
; Enable parallel Assembler and Timing Analyzer during compilation ; On                 ; On                 ;
; Enable compact report table                                      ; Off                ; Off                ;
; Restructure Multiplexers                                         ; Auto               ; Auto               ;
; Create Debugging Nodes for IP Cores                              ; Off                ; Off                ;
; Preserve fewer node names                                        ; On                 ; On                 ;
; Intel FPGA IP Evaluation Mode                                    ; Enable             ; Enable             ;
; Verilog Version                                                  ; Verilog_2001       ; Verilog_2001       ;
; VHDL Version                                                     ; VHDL_1993          ; VHDL_1993          ;
; State Machine Processing                                         ; Auto               ; Auto               ;
; Safe State Machine                                               ; Off                ; Off                ;
; Extract Verilog State Machines                                   ; On                 ; On                 ;
; Extract VHDL State Machines                                      ; On                 ; On                 ;
; Ignore Verilog initial constructs                                ; Off                ; Off                ;
; Iteration limit for constant Verilog loops                       ; 5000               ; 5000               ;
; Iteration limit for non-constant Verilog loops                   ; 250                ; 250                ;
; Add Pass-Through Logic to Inferred RAMs                          ; On                 ; On                 ;
; Infer RAMs from Raw Logic                                        ; On                 ; On                 ;
; Parallel Synthesis                                               ; On                 ; On                 ;
; DSP Block Balancing                                              ; Auto               ; Auto               ;
; NOT Gate Push-Back                                               ; On                 ; On                 ;
; Power-Up Don't Care                                              ; On                 ; On                 ;
; Remove Redundant Logic Cells                                     ; Off                ; Off                ;
; Remove Duplicate Registers                                       ; On                 ; On                 ;
; Ignore CARRY Buffers                                             ; Off                ; Off                ;
; Ignore CASCADE Buffers                                           ; Off                ; Off                ;
; Ignore GLOBAL Buffers                                            ; Off                ; Off                ;
; Ignore ROW GLOBAL Buffers                                        ; Off                ; Off                ;
; Ignore LCELL Buffers                                             ; Off                ; Off                ;
; Ignore SOFT Buffers                                              ; On                 ; On                 ;
; Limit AHDL Integers to 32 Bits                                   ; Off                ; Off                ;
; Optimization Technique                                           ; Balanced           ; Balanced           ;
; Carry Chain Length                                               ; 70                 ; 70                 ;
; Auto Carry Chains                                                ; On                 ; On                 ;
; Auto Open-Drain Pins                                             ; On                 ; On                 ;
; Perform WYSIWYG Primitive Resynthesis                            ; Off                ; Off                ;
; Auto ROM Replacement                                             ; On                 ; On                 ;
; Auto RAM Replacement                                             ; On                 ; On                 ;
; Auto DSP Block Replacement                                       ; On                 ; On                 ;
; Auto Shift Register Replacement                                  ; Auto               ; Auto               ;
; Allow Shift Register Merging across Hierarchies                  ; Auto               ; Auto               ;
; Auto Clock Enable Replacement                                    ; On                 ; On                 ;
; Strict RAM Replacement                                           ; Off                ; Off                ;
; Allow Synchronous Control Signals                                ; On                 ; On                 ;
; Force Use of Synchronous Clear Signals                           ; Off                ; Off                ;
; Auto RAM Block Balancing                                         ; On                 ; On                 ;
; Auto RAM to Logic Cell Conversion                                ; Off                ; Off                ;
; Auto Resource Sharing                                            ; Off                ; Off                ;
; Allow Any RAM Size For Recognition                               ; Off                ; Off                ;
; Allow Any ROM Size For Recognition                               ; Off                ; Off                ;
; Allow Any Shift Register Size For Recognition                    ; Off                ; Off                ;
; Use LogicLock Constraints during Resource Balancing              ; On                 ; On                 ;
; Ignore translate_off and synthesis_off directives                ; Off                ; Off                ;
; Timing-Driven Synthesis                                          ; On                 ; On                 ;
; Report Parameter Settings                                        ; On                 ; On                 ;
; Report Source Assignments                                        ; On                 ; On                 ;
; Report Connectivity Checks                                       ; On                 ; On                 ;
; Ignore Maximum Fan-Out Assignments                               ; Off                ; Off                ;
; Synchronization Register Chain Length                            ; 2                  ; 2                  ;
; Power Optimization During Synthesis                              ; Normal compilation ; Normal compilation ;
; HDL message level                                                ; Level2             ; Level2             ;
; Suppress Register Optimization Related Messages                  ; Off                ; Off                ;
; Number of Removed Registers Reported in Synthesis Report         ; 5000               ; 5000               ;
; Number of Swept Nodes Reported in Synthesis Report               ; 5000               ; 5000               ;
; Number of Inverted Registers Reported in Synthesis Report        ; 100                ; 100                ;
; Clock MUX Protection                                             ; On                 ; On                 ;
; Auto Gated Clock Conversion                                      ; Off                ; Off                ;
; Block Design Naming                                              ; Auto               ; Auto               ;
; SDC constraint protection                                        ; Off                ; Off                ;
; Synthesis Effort                                                 ; Auto               ; Auto               ;
; Shift Register Replacement - Allow Asynchronous Clear Signal     ; On                 ; On                 ;
; Pre-Mapping Resynthesis Optimization                             ; Off                ; Off                ;
; Analysis & Synthesis Message Level                               ; Medium             ; Medium             ;
; Disable Register Merging Across Hierarchies                      ; Auto               ; Auto               ;
; Resource Aware Inference For Block RAM                           ; On                 ; On                 ;
+------------------------------------------------------------------+--------------------+--------------------+


+------------------------------------------+
; Parallel Compilation                     ;
+----------------------------+-------------+
; Processors                 ; Number      ;
+----------------------------+-------------+
; Number detected on machine ; 8           ;
; Maximum allowed            ; 4           ;
;                            ;             ;
; Average used               ; 1.00        ;
; Maximum used               ; 4           ;
;                            ;             ;
; Usage by Processor         ; % Time Used ;
;     Processor 1            ; 100.0%      ;
;     Processor 2            ;   0.0%      ;
;     Processors 3-4         ;   0.0%      ;
+----------------------------+-------------+


+-----------------------------------------------------------------------------------------------------------------------------------------------------------------------------------------------------------------------------------------------+
; Analysis & Synthesis Source Files Read                                                                                                                                                                                                        ;
+-----------------------------------------------------+-----------------+------------------------------+------------------------------------------------------------------------------------------------------------------------------+---------+
; File Name with User-Entered Path                    ; Used in Netlist ; File Type                    ; File Name with Absolute Path                                                                                                 ; Library ;
+-----------------------------------------------------+-----------------+------------------------------+------------------------------------------------------------------------------------------------------------------------------+---------+
; src/blaster_handler_lib/blaster_fifo/blaster_fifo.v ; yes             ; User Wizard-Generated File   ; C:/Users/admin/Documents/FPGA_DOCS/cyclone4_blaster_handler_terasic/FPGA/src/blaster_handler_lib/blaster_fifo/blaster_fifo.v ;         ;
; src/blaster_handler_lib/blaster_uart/blaster_tx.sv  ; yes             ; User SystemVerilog HDL File  ; C:/Users/admin/Documents/FPGA_DOCS/cyclone4_blaster_handler_terasic/FPGA/src/blaster_handler_lib/blaster_uart/blaster_tx.sv  ;         ;
; src/blaster_handler_lib/blaster_uart/blaster_rx.sv  ; yes             ; User SystemVerilog HDL File  ; C:/Users/admin/Documents/FPGA_DOCS/cyclone4_blaster_handler_terasic/FPGA/src/blaster_handler_lib/blaster_uart/blaster_rx.sv  ;         ;
; src/blaster_handler_lib/blaster_univibrator.sv      ; yes             ; User SystemVerilog HDL File  ; C:/Users/admin/Documents/FPGA_DOCS/cyclone4_blaster_handler_terasic/FPGA/src/blaster_handler_lib/blaster_univibrator.sv      ;         ;
; src/blaster_handler_lib/blaster_handler.sv          ; yes             ; User SystemVerilog HDL File  ; C:/Users/admin/Documents/FPGA_DOCS/cyclone4_blaster_handler_terasic/FPGA/src/blaster_handler_lib/blaster_handler.sv          ;         ;
; src/advanced_reset/advanced_reset_n.sv              ; yes             ; User SystemVerilog HDL File  ; C:/Users/admin/Documents/FPGA_DOCS/cyclone4_blaster_handler_terasic/FPGA/src/advanced_reset/advanced_reset_n.sv              ;         ;
; src/advanced_reset/reset.sv                         ; yes             ; User SystemVerilog HDL File  ; C:/Users/admin/Documents/FPGA_DOCS/cyclone4_blaster_handler_terasic/FPGA/src/advanced_reset/reset.sv                         ;         ;
; src/advanced_reset/sync_async_reset.sv              ; yes             ; User SystemVerilog HDL File  ; C:/Users/admin/Documents/FPGA_DOCS/cyclone4_blaster_handler_terasic/FPGA/src/advanced_reset/sync_async_reset.sv              ;         ;
; src/cyclone4_top.sv                                 ; yes             ; User SystemVerilog HDL File  ; C:/Users/admin/Documents/FPGA_DOCS/cyclone4_blaster_handler_terasic/FPGA/src/cyclone4_top.sv                                 ;         ;
; scfifo.tdf                                          ; yes             ; Megafunction                 ; c:/intelfpga/18.1/quartus/libraries/megafunctions/scfifo.tdf                                                                 ;         ;
; a_regfifo.inc                                       ; yes             ; Megafunction                 ; c:/intelfpga/18.1/quartus/libraries/megafunctions/a_regfifo.inc                                                              ;         ;
; a_dpfifo.inc                                        ; yes             ; Megafunction                 ; c:/intelfpga/18.1/quartus/libraries/megafunctions/a_dpfifo.inc                                                               ;         ;
; a_i2fifo.inc                                        ; yes             ; Megafunction                 ; c:/intelfpga/18.1/quartus/libraries/megafunctions/a_i2fifo.inc                                                               ;         ;
; a_fffifo.inc                                        ; yes             ; Megafunction                 ; c:/intelfpga/18.1/quartus/libraries/megafunctions/a_fffifo.inc                                                               ;         ;
; a_f2fifo.inc                                        ; yes             ; Megafunction                 ; c:/intelfpga/18.1/quartus/libraries/megafunctions/a_f2fifo.inc                                                               ;         ;
; aglobal181.inc                                      ; yes             ; Megafunction                 ; c:/intelfpga/18.1/quartus/libraries/megafunctions/aglobal181.inc                                                             ;         ;
; db/scfifo_vp21.tdf                                  ; yes             ; Auto-Generated Megafunction  ; C:/Users/admin/Documents/FPGA_DOCS/cyclone4_blaster_handler_terasic/FPGA/db/scfifo_vp21.tdf                                  ;         ;
; db/a_dpfifo_6031.tdf                                ; yes             ; Auto-Generated Megafunction  ; C:/Users/admin/Documents/FPGA_DOCS/cyclone4_blaster_handler_terasic/FPGA/db/a_dpfifo_6031.tdf                                ;         ;
; db/altsyncram_7bh1.tdf                              ; yes             ; Auto-Generated Megafunction  ; C:/Users/admin/Documents/FPGA_DOCS/cyclone4_blaster_handler_terasic/FPGA/db/altsyncram_7bh1.tdf                              ;         ;
; db/cmpr_ls8.tdf                                     ; yes             ; Auto-Generated Megafunction  ; C:/Users/admin/Documents/FPGA_DOCS/cyclone4_blaster_handler_terasic/FPGA/db/cmpr_ls8.tdf                                     ;         ;
; db/cntr_2ob.tdf                                     ; yes             ; Auto-Generated Megafunction  ; C:/Users/admin/Documents/FPGA_DOCS/cyclone4_blaster_handler_terasic/FPGA/db/cntr_2ob.tdf                                     ;         ;
; db/cntr_fo7.tdf                                     ; yes             ; Auto-Generated Megafunction  ; C:/Users/admin/Documents/FPGA_DOCS/cyclone4_blaster_handler_terasic/FPGA/db/cntr_fo7.tdf                                     ;         ;
; db/cntr_3ob.tdf                                     ; yes             ; Auto-Generated Megafunction  ; C:/Users/admin/Documents/FPGA_DOCS/cyclone4_blaster_handler_terasic/FPGA/db/cntr_3ob.tdf                                     ;         ;
+-----------------------------------------------------+-----------------+------------------------------+------------------------------------------------------------------------------------------------------------------------------+---------+


+-----------------------------------------------------------------+
; Analysis & Synthesis Resource Usage Summary                     ;
+---------------------------------------------+-------------------+
; Resource                                    ; Usage             ;
+---------------------------------------------+-------------------+
; Estimated Total logic elements              ; 258               ;
;                                             ;                   ;
; Total combinational functions               ; 226               ;
; Logic element usage by number of LUT inputs ;                   ;
;     -- 4 input functions                    ; 87                ;
;     -- 3 input functions                    ; 38                ;
;     -- <=2 input functions                  ; 101               ;
;                                             ;                   ;
; Logic elements by mode                      ;                   ;
;     -- normal mode                          ; 143               ;
;     -- arithmetic mode                      ; 83                ;
;                                             ;                   ;
; Total registers                             ; 182               ;
;     -- Dedicated logic registers            ; 182               ;
;     -- I/O registers                        ; 0                 ;
;                                             ;                   ;
; I/O pins                                    ; 9                 ;
; Total memory bits                           ; 4096              ;
;                                             ;                   ;
; Embedded Multiplier 9-bit elements          ; 0                 ;
;                                             ;                   ;
; Maximum fan-out node                        ; i_clk_50MHz~input ;
; Maximum fan-out                             ; 197               ;
; Total fan-out                               ; 1606              ;
; Average fan-out                             ; 3.63              ;
+---------------------------------------------+-------------------+


+----------------------------------------------------------------------------------------------------------------------------------------------------------------------------------------------------------------------------------------------------------------------------------------------------------------------------------------------------------------------------------------------------------------------------+
; Analysis & Synthesis Resource Utilization by Entity                                                                                                                                                                                                                                                                                                                                                                        ;
+-----------------------------------------------------------------------------+---------------------+---------------------------+-------------+--------------+---------+-----------+------+--------------+------------------------------------------------------------------------------------------------------------------------------------------------------------------------------+---------------------+--------------+
; Compilation Hierarchy Node                                                  ; Combinational ALUTs ; Dedicated Logic Registers ; Memory Bits ; DSP Elements ; DSP 9x9 ; DSP 18x18 ; Pins ; Virtual Pins ; Full Hierarchy Name                                                                                                                                                          ; Entity Name         ; Library Name ;
+-----------------------------------------------------------------------------+---------------------+---------------------------+-------------+--------------+---------+-----------+------+--------------+------------------------------------------------------------------------------------------------------------------------------------------------------------------------------+---------------------+--------------+
; |cyclone4_top                                                               ; 226 (0)             ; 182 (0)                   ; 4096        ; 0            ; 0       ; 0         ; 9    ; 0            ; |cyclone4_top                                                                                                                                                                ; cyclone4_top        ; work         ;
;    |advanced_reset_n:RESET_INST|                                            ; 34 (0)              ; 30 (0)                    ; 0           ; 0            ; 0       ; 0         ; 0    ; 0            ; |cyclone4_top|advanced_reset_n:RESET_INST                                                                                                                                    ; advanced_reset_n    ; work         ;
;       |reset:software_reset_inst|                                           ; 34 (34)             ; 26 (26)                   ; 0           ; 0            ; 0       ; 0         ; 0    ; 0            ; |cyclone4_top|advanced_reset_n:RESET_INST|reset:software_reset_inst                                                                                                          ; reset               ; work         ;
;       |sync_async_reset:CLK_DOMAIN_RESET_GENERATE[0].SYNC_ASYNC_RESET_INST| ; 0 (0)               ; 4 (4)                     ; 0           ; 0            ; 0       ; 0         ; 0    ; 0            ; |cyclone4_top|advanced_reset_n:RESET_INST|sync_async_reset:CLK_DOMAIN_RESET_GENERATE[0].SYNC_ASYNC_RESET_INST                                                                ; sync_async_reset    ; work         ;
;    |blaster_handler:BLASTER_INST|                                           ; 192 (7)             ; 152 (13)                  ; 4096        ; 0            ; 0       ; 0         ; 0    ; 0            ; |cyclone4_top|blaster_handler:BLASTER_INST                                                                                                                                   ; blaster_handler     ; work         ;
;       |blaster_fifo:blaster_fifo_rx_inst|                                   ; 47 (0)              ; 36 (0)                    ; 2048        ; 0            ; 0       ; 0         ; 0    ; 0            ; |cyclone4_top|blaster_handler:BLASTER_INST|blaster_fifo:blaster_fifo_rx_inst                                                                                                 ; blaster_fifo        ; work         ;
;          |scfifo:scfifo_component|                                          ; 47 (0)              ; 36 (0)                    ; 2048        ; 0            ; 0       ; 0         ; 0    ; 0            ; |cyclone4_top|blaster_handler:BLASTER_INST|blaster_fifo:blaster_fifo_rx_inst|scfifo:scfifo_component                                                                         ; scfifo              ; work         ;
;             |scfifo_vp21:auto_generated|                                    ; 47 (0)              ; 36 (0)                    ; 2048        ; 0            ; 0       ; 0         ; 0    ; 0            ; |cyclone4_top|blaster_handler:BLASTER_INST|blaster_fifo:blaster_fifo_rx_inst|scfifo:scfifo_component|scfifo_vp21:auto_generated                                              ; scfifo_vp21         ; work         ;
;                |a_dpfifo_6031:dpfifo|                                       ; 47 (24)             ; 36 (13)                   ; 2048        ; 0            ; 0       ; 0         ; 0    ; 0            ; |cyclone4_top|blaster_handler:BLASTER_INST|blaster_fifo:blaster_fifo_rx_inst|scfifo:scfifo_component|scfifo_vp21:auto_generated|a_dpfifo_6031:dpfifo                         ; a_dpfifo_6031       ; work         ;
;                   |altsyncram_7bh1:FIFOram|                                 ; 0 (0)               ; 0 (0)                     ; 2048        ; 0            ; 0       ; 0         ; 0    ; 0            ; |cyclone4_top|blaster_handler:BLASTER_INST|blaster_fifo:blaster_fifo_rx_inst|scfifo:scfifo_component|scfifo_vp21:auto_generated|a_dpfifo_6031:dpfifo|altsyncram_7bh1:FIFOram ; altsyncram_7bh1     ; work         ;
;                   |cntr_2ob:rd_ptr_msb|                                     ; 7 (7)               ; 7 (7)                     ; 0           ; 0            ; 0       ; 0         ; 0    ; 0            ; |cyclone4_top|blaster_handler:BLASTER_INST|blaster_fifo:blaster_fifo_rx_inst|scfifo:scfifo_component|scfifo_vp21:auto_generated|a_dpfifo_6031:dpfifo|cntr_2ob:rd_ptr_msb     ; cntr_2ob            ; work         ;
;                   |cntr_3ob:wr_ptr|                                         ; 8 (8)               ; 8 (8)                     ; 0           ; 0            ; 0       ; 0         ; 0    ; 0            ; |cyclone4_top|blaster_handler:BLASTER_INST|blaster_fifo:blaster_fifo_rx_inst|scfifo:scfifo_component|scfifo_vp21:auto_generated|a_dpfifo_6031:dpfifo|cntr_3ob:wr_ptr         ; cntr_3ob            ; work         ;
;                   |cntr_fo7:usedw_counter|                                  ; 8 (8)               ; 8 (8)                     ; 0           ; 0            ; 0       ; 0         ; 0    ; 0            ; |cyclone4_top|blaster_handler:BLASTER_INST|blaster_fifo:blaster_fifo_rx_inst|scfifo:scfifo_component|scfifo_vp21:auto_generated|a_dpfifo_6031:dpfifo|cntr_fo7:usedw_counter  ; cntr_fo7            ; work         ;
;       |blaster_fifo:blaster_fifo_tx_inst|                                   ; 47 (0)              ; 36 (0)                    ; 2048        ; 0            ; 0       ; 0         ; 0    ; 0            ; |cyclone4_top|blaster_handler:BLASTER_INST|blaster_fifo:blaster_fifo_tx_inst                                                                                                 ; blaster_fifo        ; work         ;
;          |scfifo:scfifo_component|                                          ; 47 (0)              ; 36 (0)                    ; 2048        ; 0            ; 0       ; 0         ; 0    ; 0            ; |cyclone4_top|blaster_handler:BLASTER_INST|blaster_fifo:blaster_fifo_tx_inst|scfifo:scfifo_component                                                                         ; scfifo              ; work         ;
;             |scfifo_vp21:auto_generated|                                    ; 47 (0)              ; 36 (0)                    ; 2048        ; 0            ; 0       ; 0         ; 0    ; 0            ; |cyclone4_top|blaster_handler:BLASTER_INST|blaster_fifo:blaster_fifo_tx_inst|scfifo:scfifo_component|scfifo_vp21:auto_generated                                              ; scfifo_vp21         ; work         ;
;                |a_dpfifo_6031:dpfifo|                                       ; 47 (24)             ; 36 (13)                   ; 2048        ; 0            ; 0       ; 0         ; 0    ; 0            ; |cyclone4_top|blaster_handler:BLASTER_INST|blaster_fifo:blaster_fifo_tx_inst|scfifo:scfifo_component|scfifo_vp21:auto_generated|a_dpfifo_6031:dpfifo                         ; a_dpfifo_6031       ; work         ;
;                   |altsyncram_7bh1:FIFOram|                                 ; 0 (0)               ; 0 (0)                     ; 2048        ; 0            ; 0       ; 0         ; 0    ; 0            ; |cyclone4_top|blaster_handler:BLASTER_INST|blaster_fifo:blaster_fifo_tx_inst|scfifo:scfifo_component|scfifo_vp21:auto_generated|a_dpfifo_6031:dpfifo|altsyncram_7bh1:FIFOram ; altsyncram_7bh1     ; work         ;
;                   |cntr_2ob:rd_ptr_msb|                                     ; 7 (7)               ; 7 (7)                     ; 0           ; 0            ; 0       ; 0         ; 0    ; 0            ; |cyclone4_top|blaster_handler:BLASTER_INST|blaster_fifo:blaster_fifo_tx_inst|scfifo:scfifo_component|scfifo_vp21:auto_generated|a_dpfifo_6031:dpfifo|cntr_2ob:rd_ptr_msb     ; cntr_2ob            ; work         ;
;                   |cntr_3ob:wr_ptr|                                         ; 8 (8)               ; 8 (8)                     ; 0           ; 0            ; 0       ; 0         ; 0    ; 0            ; |cyclone4_top|blaster_handler:BLASTER_INST|blaster_fifo:blaster_fifo_tx_inst|scfifo:scfifo_component|scfifo_vp21:auto_generated|a_dpfifo_6031:dpfifo|cntr_3ob:wr_ptr         ; cntr_3ob            ; work         ;
;                   |cntr_fo7:usedw_counter|                                  ; 8 (8)               ; 8 (8)                     ; 0           ; 0            ; 0       ; 0         ; 0    ; 0            ; |cyclone4_top|blaster_handler:BLASTER_INST|blaster_fifo:blaster_fifo_tx_inst|scfifo:scfifo_component|scfifo_vp21:auto_generated|a_dpfifo_6031:dpfifo|cntr_fo7:usedw_counter  ; cntr_fo7            ; work         ;
;       |blaster_rx:blaster_rx_inst|                                          ; 51 (51)             ; 35 (35)                   ; 0           ; 0            ; 0       ; 0         ; 0    ; 0            ; |cyclone4_top|blaster_handler:BLASTER_INST|blaster_rx:blaster_rx_inst                                                                                                        ; blaster_rx          ; work         ;
;       |blaster_tx:blaster_tx_inst|                                          ; 34 (34)             ; 27 (27)                   ; 0           ; 0            ; 0       ; 0         ; 0    ; 0            ; |cyclone4_top|blaster_handler:BLASTER_INST|blaster_tx:blaster_tx_inst                                                                                                        ; blaster_tx          ; work         ;
;       |blaster_univibrator:blaster_nivibrator_inst|                         ; 6 (6)               ; 5 (5)                     ; 0           ; 0            ; 0       ; 0         ; 0    ; 0            ; |cyclone4_top|blaster_handler:BLASTER_INST|blaster_univibrator:blaster_nivibrator_inst                                                                                       ; blaster_univibrator ; work         ;
+-----------------------------------------------------------------------------+---------------------+---------------------------+-------------+--------------+---------+-----------+------+--------------+------------------------------------------------------------------------------------------------------------------------------------------------------------------------------+---------------------+--------------+
Note: For table entries with two numbers listed, the numbers in parentheses indicate the number of resources of the given type used by the specific entity alone. The numbers listed outside of parentheses indicate the total resources of the given type used by the specific entity and all of its sub-entities in the hierarchy.


+-------------------------------------------------------------------------------------------------------------------------------------------------------------------------------------------------------------------------------------------------------------------------------+
; Analysis & Synthesis RAM Summary                                                                                                                                                                                                                                              ;
+---------------------------------------------------------------------------------------------------------------------------------------------------------------------------+------+------------------+--------------+--------------+--------------+--------------+------+------+
; Name                                                                                                                                                                      ; Type ; Mode             ; Port A Depth ; Port A Width ; Port B Depth ; Port B Width ; Size ; MIF  ;
+---------------------------------------------------------------------------------------------------------------------------------------------------------------------------+------+------------------+--------------+--------------+--------------+--------------+------+------+
; blaster_handler:BLASTER_INST|blaster_fifo:blaster_fifo_rx_inst|scfifo:scfifo_component|scfifo_vp21:auto_generated|a_dpfifo_6031:dpfifo|altsyncram_7bh1:FIFOram|ALTSYNCRAM ; AUTO ; Simple Dual Port ; 256          ; 8            ; 256          ; 8            ; 2048 ; None ;
; blaster_handler:BLASTER_INST|blaster_fifo:blaster_fifo_tx_inst|scfifo:scfifo_component|scfifo_vp21:auto_generated|a_dpfifo_6031:dpfifo|altsyncram_7bh1:FIFOram|ALTSYNCRAM ; AUTO ; Simple Dual Port ; 256          ; 8            ; 256          ; 8            ; 2048 ; None ;
+---------------------------------------------------------------------------------------------------------------------------------------------------------------------------+------+------------------+--------------+--------------+--------------+--------------+------+------+


+----------------------------------------------------------------------------------------------------------------------------------------------------------------------------------------------------+
; Analysis & Synthesis IP Cores Summary                                                                                                                                                              ;
+--------+--------------+---------+--------------+--------------+------------------------------------------------------------------------------+-----------------------------------------------------+
; Vendor ; IP Core Name ; Version ; Release Date ; License Type ; Entity Instance                                                              ; IP Include File                                     ;
+--------+--------------+---------+--------------+--------------+------------------------------------------------------------------------------+-----------------------------------------------------+
; Altera ; FIFO         ; 18.1    ; N/A          ; N/A          ; |cyclone4_top|blaster_handler:BLASTER_INST|blaster_fifo:blaster_fifo_rx_inst ; src/blaster_handler_lib/blaster_fifo/blaster_fifo.v ;
; Altera ; FIFO         ; 18.1    ; N/A          ; N/A          ; |cyclone4_top|blaster_handler:BLASTER_INST|blaster_fifo:blaster_fifo_tx_inst ; src/blaster_handler_lib/blaster_fifo/blaster_fifo.v ;
+--------+--------------+---------+--------------+--------------+------------------------------------------------------------------------------+-----------------------------------------------------+


+------------------------------------------------------------------------------------------------------------------------------------------------+
; Registers Removed During Synthesis                                                                                                             ;
+--------------------------------------------------------------------+---------------------------------------------------------------------------+
; Register name                                                      ; Reason for Removal                                                        ;
+--------------------------------------------------------------------+---------------------------------------------------------------------------+
; blaster_handler:BLASTER_INST|blaster_rx:blaster_rx_inst|r_state[2] ; Merged with blaster_handler:BLASTER_INST|blaster_rx:blaster_rx_inst|r_rdy ;
; Total Number of Removed Registers = 1                              ;                                                                           ;
+--------------------------------------------------------------------+---------------------------------------------------------------------------+


+------------------------------------------------------+
; General Register Statistics                          ;
+----------------------------------------------+-------+
; Statistic                                    ; Value ;
+----------------------------------------------+-------+
; Total registers                              ; 182   ;
; Number of registers using Synchronous Clear  ; 23    ;
; Number of registers using Synchronous Load   ; 0     ;
; Number of registers using Asynchronous Clear ; 139   ;
; Number of registers using Asynchronous Load  ; 0     ;
; Number of registers using Clock Enable       ; 102   ;
; Number of registers using Preset             ; 0     ;
+----------------------------------------------+-------+


+-------------------------------------------------------------------------------+
; Inverted Register Statistics                                                  ;
+---------------------------------------------------------------------+---------+
; Inverted Register                                                   ; Fan out ;
+---------------------------------------------------------------------+---------+
; blaster_handler:BLASTER_INST|blaster_tx:blaster_tx_inst|o_tx_pin    ; 2       ;
; blaster_handler:BLASTER_INST|blaster_rx:blaster_rx_inst|r_Rx_Data   ; 11      ;
; blaster_handler:BLASTER_INST|blaster_rx:blaster_rx_inst|r_Rx_Data_R ; 1       ;
; Total number of inverted registers = 3                              ;         ;
+---------------------------------------------------------------------+---------+


+------------------------------------------------------------------------------------------------------------------------------------------------------------------------------------------------------+
; Multiplexer Restructuring Statistics (Restructuring Performed)                                                                                                                                       ;
+--------------------+-----------+---------------+----------------------+------------------------+------------+----------------------------------------------------------------------------------------+
; Multiplexer Inputs ; Bus Width ; Baseline Area ; Area if Restructured ; Saving if Restructured ; Registered ; Example Multiplexer Output                                                             ;
+--------------------+-----------+---------------+----------------------+------------------------+------------+----------------------------------------------------------------------------------------+
; 7:1                ; 11 bits   ; 44 LEs        ; 11 LEs               ; 33 LEs                 ; Yes        ; |cyclone4_top|blaster_handler:BLASTER_INST|blaster_tx:blaster_tx_inst|r_Clock_Count[8] ;
; 10:1               ; 3 bits    ; 18 LEs        ; 3 LEs                ; 15 LEs                 ; Yes        ; |cyclone4_top|blaster_handler:BLASTER_INST|blaster_tx:blaster_tx_inst|r_Bit_Index[2]   ;
; 10:1               ; 3 bits    ; 18 LEs        ; 3 LEs                ; 15 LEs                 ; Yes        ; |cyclone4_top|blaster_handler:BLASTER_INST|blaster_rx:blaster_rx_inst|r_Bit_Index[0]   ;
; 10:1               ; 11 bits   ; 66 LEs        ; 11 LEs               ; 55 LEs                 ; Yes        ; |cyclone4_top|blaster_handler:BLASTER_INST|blaster_rx:blaster_rx_inst|r_Clock_Count[7] ;
+--------------------+-----------+---------------+----------------------+------------------------+------------+----------------------------------------------------------------------------------------+


+---------------------------------------------------------------------------------------------------------------------------------------------------------------------------------------+
; Source assignments for blaster_handler:BLASTER_INST|blaster_fifo:blaster_fifo_tx_inst|scfifo:scfifo_component|scfifo_vp21:auto_generated|a_dpfifo_6031:dpfifo|altsyncram_7bh1:FIFOram ;
+---------------------------------+--------------------+------+-------------------------------------------------------------------------------------------------------------------------+
; Assignment                      ; Value              ; From ; To                                                                                                                      ;
+---------------------------------+--------------------+------+-------------------------------------------------------------------------------------------------------------------------+
; OPTIMIZE_POWER_DURING_SYNTHESIS ; NORMAL_COMPILATION ; -    ; -                                                                                                                       ;
+---------------------------------+--------------------+------+-------------------------------------------------------------------------------------------------------------------------+


+---------------------------------------------------------------------------------------------------------------------------------------------------------------------------------------+
; Source assignments for blaster_handler:BLASTER_INST|blaster_fifo:blaster_fifo_rx_inst|scfifo:scfifo_component|scfifo_vp21:auto_generated|a_dpfifo_6031:dpfifo|altsyncram_7bh1:FIFOram ;
+---------------------------------+--------------------+------+-------------------------------------------------------------------------------------------------------------------------+
; Assignment                      ; Value              ; From ; To                                                                                                                      ;
+---------------------------------+--------------------+------+-------------------------------------------------------------------------------------------------------------------------+
; OPTIMIZE_POWER_DURING_SYNTHESIS ; NORMAL_COMPILATION ; -    ; -                                                                                                                       ;
+---------------------------------+--------------------+------+-------------------------------------------------------------------------------------------------------------------------+


+--------------------------------------------------------------------------+
; Parameter Settings for User Entity Instance: advanced_reset_n:RESET_INST ;
+-------------------------+-------+----------------------------------------+
; Parameter Name          ; Value ; Type                                   ;
+-------------------------+-------+----------------------------------------+
; QUANTITY_OF_CLK_DOMAINS ; 1     ; Signed Integer                         ;
+-------------------------+-------+----------------------------------------+
Note: In order to hide this table in the UI and the text report file, please set the "Show Parameter Settings in Synthesis Report" option in "Analysis and Synthesis Settings -> More Settings" to "Off".


+----------------------------------------------------------------------------------------------------+
; Parameter Settings for User Entity Instance: advanced_reset_n:RESET_INST|reset:software_reset_inst ;
+------------------------+---------------------------+-----------------------------------------------+
; Parameter Name         ; Value                     ; Type                                          ;
+------------------------+---------------------------+-----------------------------------------------+
; RESET_OFF              ; 1                         ; Unsigned Binary                               ;
; POWER_UP_COUNTER_DELAY ; 1011111010111100001000000 ; Unsigned Binary                               ;
+------------------------+---------------------------+-----------------------------------------------+
Note: In order to hide this table in the UI and the text report file, please set the "Show Parameter Settings in Synthesis Report" option in "Analysis and Synthesis Settings -> More Settings" to "Off".


+----------------------------------------------------------------------------------------------------------------------------------------------+
; Parameter Settings for User Entity Instance: advanced_reset_n:RESET_INST|sync_async_reset:CLK_DOMAIN_RESET_GENERATE[0].SYNC_ASYNC_RESET_INST ;
+----------------------------------+-------+---------------------------------------------------------------------------------------------------+
; Parameter Name                   ; Value ; Type                                                                                              ;
+----------------------------------+-------+---------------------------------------------------------------------------------------------------+
; RESET_OFF                        ; 1     ; Unsigned Binary                                                                                   ;
; QUANTITY_OF_PROTECTION_REGISTERS ; 3     ; Signed Integer                                                                                    ;
+----------------------------------+-------+---------------------------------------------------------------------------------------------------+
Note: In order to hide this table in the UI and the text report file, please set the "Show Parameter Settings in Synthesis Report" option in "Analysis and Synthesis Settings -> More Settings" to "Off".


+---------------------------------------------------------------------------+
; Parameter Settings for User Entity Instance: blaster_handler:BLASTER_INST ;
+----------------+-------+--------------------------------------------------+
; Parameter Name ; Value ; Type                                             ;
+----------------+-------+--------------------------------------------------+
; CLKS_PER_BIT   ; 109   ; Signed Integer                                   ;
+----------------+-------+--------------------------------------------------+
Note: In order to hide this table in the UI and the text report file, please set the "Show Parameter Settings in Synthesis Report" option in "Analysis and Synthesis Settings -> More Settings" to "Off".


+-----------------------------------------------------------------------------------------------------------------------+
; Parameter Settings for User Entity Instance: blaster_handler:BLASTER_INST|blaster_univibrator:blaster_nivibrator_inst ;
+----------------+-------+----------------------------------------------------------------------------------------------+
; Parameter Name ; Value ; Type                                                                                         ;
+----------------+-------+----------------------------------------------------------------------------------------------+
; BIT_WIDTH      ; 3     ; Signed Integer                                                                               ;
+----------------+-------+----------------------------------------------------------------------------------------------+
Note: In order to hide this table in the UI and the text report file, please set the "Show Parameter Settings in Synthesis Report" option in "Analysis and Synthesis Settings -> More Settings" to "Off".


+------------------------------------------------------------------------------------------------------+
; Parameter Settings for User Entity Instance: blaster_handler:BLASTER_INST|blaster_tx:blaster_tx_inst ;
+----------------+-------+-----------------------------------------------------------------------------+
; Parameter Name ; Value ; Type                                                                        ;
+----------------+-------+-----------------------------------------------------------------------------+
; CLKS_PER_BIT   ; 109   ; Signed Integer                                                              ;
+----------------+-------+-----------------------------------------------------------------------------+
Note: In order to hide this table in the UI and the text report file, please set the "Show Parameter Settings in Synthesis Report" option in "Analysis and Synthesis Settings -> More Settings" to "Off".


+-------------------------------------------------------------------------------------------------------------------------------------+
; Parameter Settings for User Entity Instance: blaster_handler:BLASTER_INST|blaster_fifo:blaster_fifo_tx_inst|scfifo:scfifo_component ;
+-------------------------+--------------+--------------------------------------------------------------------------------------------+
; Parameter Name          ; Value        ; Type                                                                                       ;
+-------------------------+--------------+--------------------------------------------------------------------------------------------+
; AUTO_CARRY_CHAINS       ; ON           ; AUTO_CARRY                                                                                 ;
; IGNORE_CARRY_BUFFERS    ; OFF          ; IGNORE_CARRY                                                                               ;
; AUTO_CASCADE_CHAINS     ; ON           ; AUTO_CASCADE                                                                               ;
; IGNORE_CASCADE_BUFFERS  ; OFF          ; IGNORE_CASCADE                                                                             ;
; lpm_width               ; 8            ; Signed Integer                                                                             ;
; LPM_NUMWORDS            ; 256          ; Signed Integer                                                                             ;
; LPM_WIDTHU              ; 8            ; Signed Integer                                                                             ;
; LPM_SHOWAHEAD           ; OFF          ; Untyped                                                                                    ;
; UNDERFLOW_CHECKING      ; ON           ; Untyped                                                                                    ;
; OVERFLOW_CHECKING       ; ON           ; Untyped                                                                                    ;
; ALLOW_RWCYCLE_WHEN_FULL ; OFF          ; Untyped                                                                                    ;
; ADD_RAM_OUTPUT_REGISTER ; ON           ; Untyped                                                                                    ;
; ALMOST_FULL_VALUE       ; 0            ; Untyped                                                                                    ;
; ALMOST_EMPTY_VALUE      ; 0            ; Untyped                                                                                    ;
; ENABLE_ECC              ; FALSE        ; Untyped                                                                                    ;
; USE_EAB                 ; ON           ; Untyped                                                                                    ;
; MAXIMIZE_SPEED          ; 5            ; Untyped                                                                                    ;
; DEVICE_FAMILY           ; Cyclone IV E ; Untyped                                                                                    ;
; OPTIMIZE_FOR_SPEED      ; 5            ; Untyped                                                                                    ;
; CBXI_PARAMETER          ; scfifo_vp21  ; Untyped                                                                                    ;
+-------------------------+--------------+--------------------------------------------------------------------------------------------+
Note: In order to hide this table in the UI and the text report file, please set the "Show Parameter Settings in Synthesis Report" option in "Analysis and Synthesis Settings -> More Settings" to "Off".


+------------------------------------------------------------------------------------------------------+
; Parameter Settings for User Entity Instance: blaster_handler:BLASTER_INST|blaster_rx:blaster_rx_inst ;
+----------------+-------+-----------------------------------------------------------------------------+
; Parameter Name ; Value ; Type                                                                        ;
+----------------+-------+-----------------------------------------------------------------------------+
; CLKS_PER_BIT   ; 109   ; Signed Integer                                                              ;
+----------------+-------+-----------------------------------------------------------------------------+
Note: In order to hide this table in the UI and the text report file, please set the "Show Parameter Settings in Synthesis Report" option in "Analysis and Synthesis Settings -> More Settings" to "Off".


+-------------------------------------------------------------------------------------------------------------------------------------+
; Parameter Settings for User Entity Instance: blaster_handler:BLASTER_INST|blaster_fifo:blaster_fifo_rx_inst|scfifo:scfifo_component ;
+-------------------------+--------------+--------------------------------------------------------------------------------------------+
; Parameter Name          ; Value        ; Type                                                                                       ;
+-------------------------+--------------+--------------------------------------------------------------------------------------------+
; AUTO_CARRY_CHAINS       ; ON           ; AUTO_CARRY                                                                                 ;
; IGNORE_CARRY_BUFFERS    ; OFF          ; IGNORE_CARRY                                                                               ;
; AUTO_CASCADE_CHAINS     ; ON           ; AUTO_CASCADE                                                                               ;
; IGNORE_CASCADE_BUFFERS  ; OFF          ; IGNORE_CASCADE                                                                             ;
; lpm_width               ; 8            ; Signed Integer                                                                             ;
; LPM_NUMWORDS            ; 256          ; Signed Integer                                                                             ;
; LPM_WIDTHU              ; 8            ; Signed Integer                                                                             ;
; LPM_SHOWAHEAD           ; OFF          ; Untyped                                                                                    ;
; UNDERFLOW_CHECKING      ; ON           ; Untyped                                                                                    ;
; OVERFLOW_CHECKING       ; ON           ; Untyped                                                                                    ;
; ALLOW_RWCYCLE_WHEN_FULL ; OFF          ; Untyped                                                                                    ;
; ADD_RAM_OUTPUT_REGISTER ; ON           ; Untyped                                                                                    ;
; ALMOST_FULL_VALUE       ; 0            ; Untyped                                                                                    ;
; ALMOST_EMPTY_VALUE      ; 0            ; Untyped                                                                                    ;
; ENABLE_ECC              ; FALSE        ; Untyped                                                                                    ;
; USE_EAB                 ; ON           ; Untyped                                                                                    ;
; MAXIMIZE_SPEED          ; 5            ; Untyped                                                                                    ;
; DEVICE_FAMILY           ; Cyclone IV E ; Untyped                                                                                    ;
; OPTIMIZE_FOR_SPEED      ; 5            ; Untyped                                                                                    ;
; CBXI_PARAMETER          ; scfifo_vp21  ; Untyped                                                                                    ;
+-------------------------+--------------+--------------------------------------------------------------------------------------------+
Note: In order to hide this table in the UI and the text report file, please set the "Show Parameter Settings in Synthesis Report" option in "Analysis and Synthesis Settings -> More Settings" to "Off".


+---------------------------------------------------------------------------------------------------------------------+
; scfifo Parameter Settings by Entity Instance                                                                        ;
+----------------------------+----------------------------------------------------------------------------------------+
; Name                       ; Value                                                                                  ;
+----------------------------+----------------------------------------------------------------------------------------+
; Number of entity instances ; 2                                                                                      ;
; Entity Instance            ; blaster_handler:BLASTER_INST|blaster_fifo:blaster_fifo_tx_inst|scfifo:scfifo_component ;
;     -- FIFO Type           ; Single Clock                                                                           ;
;     -- lpm_width           ; 8                                                                                      ;
;     -- LPM_NUMWORDS        ; 256                                                                                    ;
;     -- LPM_SHOWAHEAD       ; OFF                                                                                    ;
;     -- USE_EAB             ; ON                                                                                     ;
; Entity Instance            ; blaster_handler:BLASTER_INST|blaster_fifo:blaster_fifo_rx_inst|scfifo:scfifo_component ;
;     -- FIFO Type           ; Single Clock                                                                           ;
;     -- lpm_width           ; 8                                                                                      ;
;     -- LPM_NUMWORDS        ; 256                                                                                    ;
;     -- LPM_SHOWAHEAD       ; OFF                                                                                    ;
;     -- USE_EAB             ; ON                                                                                     ;
+----------------------------+----------------------------------------------------------------------------------------+


+--------------------------------------------------------------------------------------------+
; Port Connectivity Checks: "blaster_handler:BLASTER_INST|blaster_fifo:blaster_fifo_rx_inst" ;
+------+--------+----------+-----------------------------------------------------------------+
; Port ; Type   ; Severity ; Details                                                         ;
+------+--------+----------+-----------------------------------------------------------------+
; full ; Output ; Info     ; Explicitly unconnected                                          ;
+------+--------+----------+-----------------------------------------------------------------+


+-------------------------------------------------------------------------------------+
; Port Connectivity Checks: "blaster_handler:BLASTER_INST|blaster_rx:blaster_rx_inst" ;
+-------+--------+----------+---------------------------------------------------------+
; Port  ; Type   ; Severity ; Details                                                 ;
+-------+--------+----------+---------------------------------------------------------+
; o_aux ; Output ; Info     ; Explicitly unconnected                                  ;
+-------+--------+----------+---------------------------------------------------------+


+-------------------------------------------------------------------------------------+
; Port Connectivity Checks: "blaster_handler:BLASTER_INST|blaster_tx:blaster_tx_inst" ;
+------+--------+----------+----------------------------------------------------------+
; Port ; Type   ; Severity ; Details                                                  ;
+------+--------+----------+----------------------------------------------------------+
; aux  ; Output ; Info     ; Explicitly unconnected                                   ;
+------+--------+----------+----------------------------------------------------------+


+------------------------------------------------------------------------------------------------------+
; Port Connectivity Checks: "blaster_handler:BLASTER_INST|blaster_univibrator:blaster_nivibrator_inst" ;
+--------------------+-------+----------+--------------------------------------------------------------+
; Port               ; Type  ; Severity ; Details                                                      ;
+--------------------+-------+----------+--------------------------------------------------------------+
; i_data_pulse[1..0] ; Input ; Info     ; Stuck at VCC                                                 ;
; i_data_pulse[2]    ; Input ; Info     ; Stuck at GND                                                 ;
+--------------------+-------+----------+--------------------------------------------------------------+


+----------------------------------------------------------+
; Port Connectivity Checks: "blaster_handler:BLASTER_INST" ;
+--------+--------+----------+-----------------------------+
; Port   ; Type   ; Severity ; Details                     ;
+--------+--------+----------+-----------------------------+
; i_ASDO ; Input  ; Info     ; Stuck at GND                ;
; o_NCE  ; Output ; Info     ; Explicitly unconnected      ;
; o_NCS  ; Output ; Info     ; Explicitly unconnected      ;
+--------+--------+----------+-----------------------------+


+---------------------------------------------------------------------------------------------------------------------------------------------------+
; Port Connectivity Checks: "advanced_reset_n:RESET_INST"                                                                                           ;
+--------------------+--------+----------+----------------------------------------------------------------------------------------------------------+
; Port               ; Type   ; Severity ; Details                                                                                                  ;
+--------------------+--------+----------+----------------------------------------------------------------------------------------------------------+
; i_hardware_reset_n ; Input  ; Info     ; Stuck at VCC                                                                                             ;
; o_heart_bit        ; Output ; Info     ; Explicitly unconnected                                                                                   ;
; o_pll_reset        ; Output ; Warning  ; Declared by entity but not connected by instance. Logic that only feeds a dangling port will be removed. ;
; o_pll_locked       ; Output ; Warning  ; Declared by entity but not connected by instance. Logic that only feeds a dangling port will be removed. ;
+--------------------+--------+----------+----------------------------------------------------------------------------------------------------------+


+-----------------------------------------------------+
; Post-Synthesis Netlist Statistics for Top Partition ;
+-----------------------+-----------------------------+
; Type                  ; Count                       ;
+-----------------------+-----------------------------+
; boundary_port         ; 9                           ;
; cycloneiii_ff         ; 182                         ;
;     CLR               ; 53                          ;
;     CLR SCLR          ; 1                           ;
;     ENA               ; 17                          ;
;     ENA CLR           ; 63                          ;
;     ENA CLR SCLR      ; 22                          ;
;     plain             ; 26                          ;
; cycloneiii_lcell_comb ; 229                         ;
;     arith             ; 83                          ;
;         2 data inputs ; 68                          ;
;         3 data inputs ; 15                          ;
;     normal            ; 146                         ;
;         0 data inputs ; 2                           ;
;         1 data inputs ; 15                          ;
;         2 data inputs ; 19                          ;
;         3 data inputs ; 23                          ;
;         4 data inputs ; 87                          ;
; cycloneiii_ram_block  ; 16                          ;
;                       ;                             ;
; Max LUT depth         ; 5.00                        ;
; Average LUT depth     ; 2.29                        ;
+-----------------------+-----------------------------+


+-------------------------------+
; Elapsed Time Per Partition    ;
+----------------+--------------+
; Partition Name ; Elapsed Time ;
+----------------+--------------+
; Top            ; 00:00:00     ;
+----------------+--------------+


+-------------------------------+
; Analysis & Synthesis Messages ;
+-------------------------------+
Info: *******************************************************************
Info: Running Quartus Prime Analysis & Synthesis
    Info: Version 18.1.0 Build 625 09/12/2018 SJ Standard Edition
    Info: Processing started: Tue Jun 08 11:19:18 2021
Info: Command: quartus_map --read_settings_files=on --write_settings_files=off cyclone4_slave -c cyclone4_slave
Info (20030): Parallel compilation is enabled and will use 4 of the 4 processors detected
Info (12021): Found 1 design units, including 1 entities, in source file src/blaster_handler_lib/blaster_fifo/blaster_fifo.v
    Info (12023): Found entity 1: blaster_fifo File: C:/Users/admin/Documents/FPGA_DOCS/cyclone4_blaster_handler_terasic/FPGA/src/blaster_handler_lib/blaster_fifo/blaster_fifo.v Line: 39
Info (12021): Found 1 design units, including 1 entities, in source file src/blaster_handler_lib/blaster_uart/blaster_tx.sv
    Info (12023): Found entity 1: blaster_tx File: C:/Users/admin/Documents/FPGA_DOCS/cyclone4_blaster_handler_terasic/FPGA/src/blaster_handler_lib/blaster_uart/blaster_tx.sv Line: 3
Info (12021): Found 1 design units, including 1 entities, in source file src/blaster_handler_lib/blaster_uart/blaster_rx.sv
    Info (12023): Found entity 1: blaster_rx File: C:/Users/admin/Documents/FPGA_DOCS/cyclone4_blaster_handler_terasic/FPGA/src/blaster_handler_lib/blaster_uart/blaster_rx.sv Line: 4
Info (12021): Found 1 design units, including 1 entities, in source file src/blaster_handler_lib/jtag_logic.sv
    Info (12023): Found entity 1: jtag_logic File: C:/Users/admin/Documents/FPGA_DOCS/cyclone4_blaster_handler_terasic/FPGA/src/blaster_handler_lib/jtag_logic.sv Line: 1
Info (12021): Found 1 design units, including 1 entities, in source file src/blaster_handler_lib/blaster_univibrator.sv
    Info (12023): Found entity 1: blaster_univibrator File: C:/Users/admin/Documents/FPGA_DOCS/cyclone4_blaster_handler_terasic/FPGA/src/blaster_handler_lib/blaster_univibrator.sv Line: 2
Info (12021): Found 1 design units, including 1 entities, in source file src/blaster_handler_lib/blaster_handler.sv
    Info (12023): Found entity 1: blaster_handler File: C:/Users/admin/Documents/FPGA_DOCS/cyclone4_blaster_handler_terasic/FPGA/src/blaster_handler_lib/blaster_handler.sv Line: 1
Info (12021): Found 1 design units, including 1 entities, in source file src/advanced_reset/advanced_reset_n.sv
    Info (12023): Found entity 1: advanced_reset_n File: C:/Users/admin/Documents/FPGA_DOCS/cyclone4_blaster_handler_terasic/FPGA/src/advanced_reset/advanced_reset_n.sv Line: 1
Info (12021): Found 1 design units, including 1 entities, in source file src/advanced_reset/reset.sv
    Info (12023): Found entity 1: reset File: C:/Users/admin/Documents/FPGA_DOCS/cyclone4_blaster_handler_terasic/FPGA/src/advanced_reset/reset.sv Line: 3
Info (12021): Found 1 design units, including 1 entities, in source file src/advanced_reset/sync_async_reset.sv
    Info (12023): Found entity 1: sync_async_reset File: C:/Users/admin/Documents/FPGA_DOCS/cyclone4_blaster_handler_terasic/FPGA/src/advanced_reset/sync_async_reset.sv Line: 1
Info (12021): Found 1 design units, including 1 entities, in source file src/cyclone4_top.sv
    Info (12023): Found entity 1: cyclone4_top File: C:/Users/admin/Documents/FPGA_DOCS/cyclone4_blaster_handler_terasic/FPGA/src/cyclone4_top.sv Line: 1
Info (12127): Elaborating entity "cyclone4_top" for the top level hierarchy
Info (12128): Elaborating entity "advanced_reset_n" for hierarchy "advanced_reset_n:RESET_INST" File: C:/Users/admin/Documents/FPGA_DOCS/cyclone4_blaster_handler_terasic/FPGA/src/cyclone4_top.sv Line: 32
Info (12128): Elaborating entity "reset" for hierarchy "advanced_reset_n:RESET_INST|reset:software_reset_inst" File: C:/Users/admin/Documents/FPGA_DOCS/cyclone4_blaster_handler_terasic/FPGA/src/advanced_reset/advanced_reset_n.sv Line: 20
Info (12128): Elaborating entity "sync_async_reset" for hierarchy "advanced_reset_n:RESET_INST|sync_async_reset:CLK_DOMAIN_RESET_GENERATE[0].SYNC_ASYNC_RESET_INST" File: C:/Users/admin/Documents/FPGA_DOCS/cyclone4_blaster_handler_terasic/FPGA/src/advanced_reset/advanced_reset_n.sv Line: 34
Info (12128): Elaborating entity "blaster_handler" for hierarchy "blaster_handler:BLASTER_INST" File: C:/Users/admin/Documents/FPGA_DOCS/cyclone4_blaster_handler_terasic/FPGA/src/cyclone4_top.sv Line: 45
Warning (10034): Output port "o_tck" at blaster_handler.sv(11) has no driver File: C:/Users/admin/Documents/FPGA_DOCS/cyclone4_blaster_handler_terasic/FPGA/src/blaster_handler_lib/blaster_handler.sv Line: 11
Warning (10034): Output port "o_tdi" at blaster_handler.sv(12) has no driver File: C:/Users/admin/Documents/FPGA_DOCS/cyclone4_blaster_handler_terasic/FPGA/src/blaster_handler_lib/blaster_handler.sv Line: 12
Warning (10034): Output port "o_tms" at blaster_handler.sv(13) has no driver File: C:/Users/admin/Documents/FPGA_DOCS/cyclone4_blaster_handler_terasic/FPGA/src/blaster_handler_lib/blaster_handler.sv Line: 13
Warning (10034): Output port "o_NCE" at blaster_handler.sv(18) has no driver File: C:/Users/admin/Documents/FPGA_DOCS/cyclone4_blaster_handler_terasic/FPGA/src/blaster_handler_lib/blaster_handler.sv Line: 18
Warning (10034): Output port "o_NCS" at blaster_handler.sv(19) has no driver File: C:/Users/admin/Documents/FPGA_DOCS/cyclone4_blaster_handler_terasic/FPGA/src/blaster_handler_lib/blaster_handler.sv Line: 19
Warning (10034): Output port "o_led" at blaster_handler.sv(22) has no driver File: C:/Users/admin/Documents/FPGA_DOCS/cyclone4_blaster_handler_terasic/FPGA/src/blaster_handler_lib/blaster_handler.sv Line: 22
Info (12128): Elaborating entity "blaster_univibrator" for hierarchy "blaster_handler:BLASTER_INST|blaster_univibrator:blaster_nivibrator_inst" File: C:/Users/admin/Documents/FPGA_DOCS/cyclone4_blaster_handler_terasic/FPGA/src/blaster_handler_lib/blaster_handler.sv Line: 33
Info (12128): Elaborating entity "blaster_tx" for hierarchy "blaster_handler:BLASTER_INST|blaster_tx:blaster_tx_inst" File: C:/Users/admin/Documents/FPGA_DOCS/cyclone4_blaster_handler_terasic/FPGA/src/blaster_handler_lib/blaster_handler.sv Line: 44
Info (12128): Elaborating entity "blaster_fifo" for hierarchy "blaster_handler:BLASTER_INST|blaster_fifo:blaster_fifo_tx_inst" File: C:/Users/admin/Documents/FPGA_DOCS/cyclone4_blaster_handler_terasic/FPGA/src/blaster_handler_lib/blaster_handler.sv Line: 67
Info (12128): Elaborating entity "scfifo" for hierarchy "blaster_handler:BLASTER_INST|blaster_fifo:blaster_fifo_tx_inst|scfifo:scfifo_component" File: C:/Users/admin/Documents/FPGA_DOCS/cyclone4_blaster_handler_terasic/FPGA/src/blaster_handler_lib/blaster_fifo/blaster_fifo.v Line: 78
Info (12130): Elaborated megafunction instantiation "blaster_handler:BLASTER_INST|blaster_fifo:blaster_fifo_tx_inst|scfifo:scfifo_component" File: C:/Users/admin/Documents/FPGA_DOCS/cyclone4_blaster_handler_terasic/FPGA/src/blaster_handler_lib/blaster_fifo/blaster_fifo.v Line: 78
Info (12133): Instantiated megafunction "blaster_handler:BLASTER_INST|blaster_fifo:blaster_fifo_tx_inst|scfifo:scfifo_component" with the following parameter: File: C:/Users/admin/Documents/FPGA_DOCS/cyclone4_blaster_handler_terasic/FPGA/src/blaster_handler_lib/blaster_fifo/blaster_fifo.v Line: 78
    Info (12134): Parameter "add_ram_output_register" = "ON"
    Info (12134): Parameter "intended_device_family" = "MAX 10"
    Info (12134): Parameter "lpm_numwords" = "256"
    Info (12134): Parameter "lpm_showahead" = "OFF"
    Info (12134): Parameter "lpm_type" = "scfifo"
    Info (12134): Parameter "lpm_width" = "8"
    Info (12134): Parameter "lpm_widthu" = "8"
    Info (12134): Parameter "overflow_checking" = "ON"
    Info (12134): Parameter "underflow_checking" = "ON"
    Info (12134): Parameter "use_eab" = "ON"
Info (12021): Found 1 design units, including 1 entities, in source file db/scfifo_vp21.tdf
    Info (12023): Found entity 1: scfifo_vp21 File: C:/Users/admin/Documents/FPGA_DOCS/cyclone4_blaster_handler_terasic/FPGA/db/scfifo_vp21.tdf Line: 24
Info (12128): Elaborating entity "scfifo_vp21" for hierarchy "blaster_handler:BLASTER_INST|blaster_fifo:blaster_fifo_tx_inst|scfifo:scfifo_component|scfifo_vp21:auto_generated" File: c:/intelfpga/18.1/quartus/libraries/megafunctions/scfifo.tdf Line: 299
Info (12021): Found 1 design units, including 1 entities, in source file db/a_dpfifo_6031.tdf
    Info (12023): Found entity 1: a_dpfifo_6031 File: C:/Users/admin/Documents/FPGA_DOCS/cyclone4_blaster_handler_terasic/FPGA/db/a_dpfifo_6031.tdf Line: 32
Info (12128): Elaborating entity "a_dpfifo_6031" for hierarchy "blaster_handler:BLASTER_INST|blaster_fifo:blaster_fifo_tx_inst|scfifo:scfifo_component|scfifo_vp21:auto_generated|a_dpfifo_6031:dpfifo" File: C:/Users/admin/Documents/FPGA_DOCS/cyclone4_blaster_handler_terasic/FPGA/db/scfifo_vp21.tdf Line: 36
Info (12021): Found 1 design units, including 1 entities, in source file db/altsyncram_7bh1.tdf
    Info (12023): Found entity 1: altsyncram_7bh1 File: C:/Users/admin/Documents/FPGA_DOCS/cyclone4_blaster_handler_terasic/FPGA/db/altsyncram_7bh1.tdf Line: 27
Info (12128): Elaborating entity "altsyncram_7bh1" for hierarchy "blaster_handler:BLASTER_INST|blaster_fifo:blaster_fifo_tx_inst|scfifo:scfifo_component|scfifo_vp21:auto_generated|a_dpfifo_6031:dpfifo|altsyncram_7bh1:FIFOram" File: C:/Users/admin/Documents/FPGA_DOCS/cyclone4_blaster_handler_terasic/FPGA/db/a_dpfifo_6031.tdf Line: 45
Info (12021): Found 1 design units, including 1 entities, in source file db/cmpr_ls8.tdf
    Info (12023): Found entity 1: cmpr_ls8 File: C:/Users/admin/Documents/FPGA_DOCS/cyclone4_blaster_handler_terasic/FPGA/db/cmpr_ls8.tdf Line: 22
Info (12128): Elaborating entity "cmpr_ls8" for hierarchy "blaster_handler:BLASTER_INST|blaster_fifo:blaster_fifo_tx_inst|scfifo:scfifo_component|scfifo_vp21:auto_generated|a_dpfifo_6031:dpfifo|cmpr_ls8:almost_full_comparer" File: C:/Users/admin/Documents/FPGA_DOCS/cyclone4_blaster_handler_terasic/FPGA/db/a_dpfifo_6031.tdf Line: 53
Info (12128): Elaborating entity "cmpr_ls8" for hierarchy "blaster_handler:BLASTER_INST|blaster_fifo:blaster_fifo_tx_inst|scfifo:scfifo_component|scfifo_vp21:auto_generated|a_dpfifo_6031:dpfifo|cmpr_ls8:two_comparison" File: C:/Users/admin/Documents/FPGA_DOCS/cyclone4_blaster_handler_terasic/FPGA/db/a_dpfifo_6031.tdf Line: 54
Info (12021): Found 1 design units, including 1 entities, in source file db/cntr_2ob.tdf
    Info (12023): Found entity 1: cntr_2ob File: C:/Users/admin/Documents/FPGA_DOCS/cyclone4_blaster_handler_terasic/FPGA/db/cntr_2ob.tdf Line: 25
Info (12128): Elaborating entity "cntr_2ob" for hierarchy "blaster_handler:BLASTER_INST|blaster_fifo:blaster_fifo_tx_inst|scfifo:scfifo_component|scfifo_vp21:auto_generated|a_dpfifo_6031:dpfifo|cntr_2ob:rd_ptr_msb" File: C:/Users/admin/Documents/FPGA_DOCS/cyclone4_blaster_handler_terasic/FPGA/db/a_dpfifo_6031.tdf Line: 55
Info (12021): Found 1 design units, including 1 entities, in source file db/cntr_fo7.tdf
    Info (12023): Found entity 1: cntr_fo7 File: C:/Users/admin/Documents/FPGA_DOCS/cyclone4_blaster_handler_terasic/FPGA/db/cntr_fo7.tdf Line: 25
Info (12128): Elaborating entity "cntr_fo7" for hierarchy "blaster_handler:BLASTER_INST|blaster_fifo:blaster_fifo_tx_inst|scfifo:scfifo_component|scfifo_vp21:auto_generated|a_dpfifo_6031:dpfifo|cntr_fo7:usedw_counter" File: C:/Users/admin/Documents/FPGA_DOCS/cyclone4_blaster_handler_terasic/FPGA/db/a_dpfifo_6031.tdf Line: 56
Info (12021): Found 1 design units, including 1 entities, in source file db/cntr_3ob.tdf
    Info (12023): Found entity 1: cntr_3ob File: C:/Users/admin/Documents/FPGA_DOCS/cyclone4_blaster_handler_terasic/FPGA/db/cntr_3ob.tdf Line: 25
Info (12128): Elaborating entity "cntr_3ob" for hierarchy "blaster_handler:BLASTER_INST|blaster_fifo:blaster_fifo_tx_inst|scfifo:scfifo_component|scfifo_vp21:auto_generated|a_dpfifo_6031:dpfifo|cntr_3ob:wr_ptr" File: C:/Users/admin/Documents/FPGA_DOCS/cyclone4_blaster_handler_terasic/FPGA/db/a_dpfifo_6031.tdf Line: 57
Info (12128): Elaborating entity "blaster_rx" for hierarchy "blaster_handler:BLASTER_INST|blaster_rx:blaster_rx_inst" File: C:/Users/admin/Documents/FPGA_DOCS/cyclone4_blaster_handler_terasic/FPGA/src/blaster_handler_lib/blaster_handler.sv Line: 86
Warning (12241): 1 hierarchies have connectivity warnings - see the Connectivity Checks report folder
Info (13000): Registers with preset signals will power-up high File: C:/Users/admin/Documents/FPGA_DOCS/cyclone4_blaster_handler_terasic/FPGA/src/blaster_handler_lib/blaster_uart/blaster_tx.sv Line: 9
Info (13003): DEV_CLRn pin will set, and not reset, register with preset signal due to NOT Gate Push-Back
Warning (13004): Presettable and clearable registers converted to equivalent circuits with latches. Registers power-up to an undefined state, and DEVCLRn places the registers in an undefined state.
    Warning (13310): Register "blaster_handler:BLASTER_INST|dffe_tx_done" is converted into an equivalent circuit using register "blaster_handler:BLASTER_INST|dffe_tx_done~_emulated" and latch "blaster_handler:BLASTER_INST|dffe_tx_done~1" File: C:/Users/admin/Documents/FPGA_DOCS/cyclone4_blaster_handler_terasic/FPGA/src/blaster_handler_lib/blaster_handler.sv Line: 47
Warning (13024): Output pins are stuck at VCC or GND
    Warning (13410): Pin "o_tck" is stuck at GND File: C:/Users/admin/Documents/FPGA_DOCS/cyclone4_blaster_handler_terasic/FPGA/src/cyclone4_top.sv Line: 10
    Warning (13410): Pin "o_tdi" is stuck at GND File: C:/Users/admin/Documents/FPGA_DOCS/cyclone4_blaster_handler_terasic/FPGA/src/cyclone4_top.sv Line: 11
    Warning (13410): Pin "o_tms" is stuck at GND File: C:/Users/admin/Documents/FPGA_DOCS/cyclone4_blaster_handler_terasic/FPGA/src/cyclone4_top.sv Line: 12
    Warning (13410): Pin "o_led[0]" is stuck at GND File: C:/Users/admin/Documents/FPGA_DOCS/cyclone4_blaster_handler_terasic/FPGA/src/cyclone4_top.sv Line: 17
    Warning (13410): Pin "o_led[1]" is stuck at VCC File: C:/Users/admin/Documents/FPGA_DOCS/cyclone4_blaster_handler_terasic/FPGA/src/cyclone4_top.sv Line: 17
Info (286030): Timing-Driven Synthesis is running
Info (16010): Generating hard_block partition "hard_block:auto_generated_inst"
    Info (16011): Adding 0 node(s), including 0 DDIO, 0 PLL, 0 transceiver and 0 LCELL
Warning (21074): Design contains 1 input pin(s) that do not drive logic
    Warning (15610): No output dependent on input pin "i_tdo" File: C:/Users/admin/Documents/FPGA_DOCS/cyclone4_blaster_handler_terasic/FPGA/src/cyclone4_top.sv Line: 13
Info (21057): Implemented 303 device resources after synthesis - the final resource count might be different
    Info (21058): Implemented 3 input pins
    Info (21059): Implemented 6 output pins
    Info (21061): Implemented 278 logic cells
    Info (21064): Implemented 16 RAM segments
Info: Quartus Prime Analysis & Synthesis was successful. 0 errors, 17 warnings
    Info: Peak virtual memory: 4799 megabytes
    Info: Processing ended: Tue Jun 08 11:19:30 2021
    Info: Elapsed time: 00:00:12
    Info: Total CPU time (on all processors): 00:00:26


