Flow report for cyclone4_slave
Tue Jun 08 11:19:45 2021
Quartus Prime Version 18.1.0 Build 625 09/12/2018 SJ Standard Edition


---------------------
; Table of Contents ;
---------------------
  1. Legal Notice
  2. Flow Summary
  3. Flow Settings
  4. Flow Non-Default Global Settings
  5. Flow Elapsed Time
  6. Flow OS Summary
  7. Flow Log
  8. Flow Messages
  9. Flow Suppressed Messages



----------------
; Legal Notice ;
----------------
Copyright (C) 2018  Intel Corporation. All rights reserved.
Your use of Intel Corporation's design tools, logic functions 
and other software and tools, and its AMPP partner logic 
functions, and any output files from any of the foregoing 
(including device programming or simulation files), and any 
associated documentation or information are expressly subject 
to the terms and conditions of the Intel Program License 
Subscription Agreement, the Intel Quartus Prime License Agreement,
the Intel FPGA IP License Agreement, or other applicable license
agreement, including, without limitation, that your use is for
the sole purpose of programming logic devices manufactured by
Intel and sold by Intel or its authorized distributors.  Please
refer to the applicable agreement for further details.



+--------------------------------------------------------------------------------------+
; Flow Summary                                                                         ;
+------------------------------------+-------------------------------------------------+
; Flow Status                        ; Successful - Tue Jun 08 11:19:41 2021           ;
; Quartus Prime Version              ; 18.1.0 Build 625 09/12/2018 SJ Standard Edition ;
; Revision Name                      ; cyclone4_slave                                  ;
; Top-level Entity Name              ; cyclone4_top                                    ;
; Family                             ; Cyclone IV E                                    ;
; Device                             ; EP4CE6E22C8                                     ;
; Timing Models                      ; Final                                           ;
; Total logic elements               ; 249 / 6,272 ( 4 % )                             ;
;     Total combinational functions  ; 228 / 6,272 ( 4 % )                             ;
;     Dedicated logic registers      ; 182 / 6,272 ( 3 % )                             ;
; Total registers                    ; 182                                             ;
; Total pins                         ; 9 / 92 ( 10 % )                                 ;
; Total virtual pins                 ; 0                                               ;
; Total memory bits                  ; 4,096 / 276,480 ( 1 % )                         ;
; Embedded Multiplier 9-bit elements ; 0 / 30 ( 0 % )                                  ;
; Total PLLs                         ; 0 / 2 ( 0 % )                                   ;
+------------------------------------+-------------------------------------------------+


+-----------------------------------------+
; Flow Settings                           ;
+-------------------+---------------------+
; Option            ; Setting             ;
+-------------------+---------------------+
; Start date & time ; 06/08/2021 11:19:19 ;
; Main task         ; Compilation         ;
; Revision Name     ; cyclone4_slave      ;
+-------------------+---------------------+


+-------------------------------------------------------------------------------------------------------------------------------------------+
; Flow Non-Default Global Settings                                                                                                          ;
+-------------------------------------+--------------------------------------------------------+----------------+--------------+------------+
; Assignment Name                     ; Value                                                  ; Default Value  ; Entity Name  ; Section Id ;
+-------------------------------------+--------------------------------------------------------+----------------+--------------+------------+
; COMPILER_SIGNATURE_ID               ; 2200303521616.162314035906440                          ; --             ; --           ; --         ;
; FLOW_ENABLE_POWER_ANALYZER          ; On                                                     ; Off            ; --           ; --         ;
; MAX_CORE_JUNCTION_TEMP              ; 85                                                     ; --             ; --           ; --         ;
; MIN_CORE_JUNCTION_TEMP              ; 0                                                      ; --             ; --           ; --         ;
; MISC_FILE                           ; src/blaster_handler_lib/blaster_fifo/blaster_fifo_bb.v ; --             ; --           ; --         ;
; NUM_PARALLEL_PROCESSORS             ; All                                                    ; --             ; --           ; --         ;
; OUTPUT_IO_TIMING_FAR_END_VMEAS      ; Half Signal Swing                                      ; --             ; --           ; --         ;
; OUTPUT_IO_TIMING_FAR_END_VMEAS      ; Half Signal Swing                                      ; --             ; --           ; --         ;
; OUTPUT_IO_TIMING_NEAR_END_VMEAS     ; Half Vccio                                             ; --             ; --           ; --         ;
; OUTPUT_IO_TIMING_NEAR_END_VMEAS     ; Half Vccio                                             ; --             ; --           ; --         ;
; PARTITION_COLOR                     ; -- (Not supported for targeted family)                 ; --             ; cyclone4_top ; Top        ;
; PARTITION_FITTER_PRESERVATION_LEVEL ; -- (Not supported for targeted family)                 ; --             ; cyclone4_top ; Top        ;
; PARTITION_NETLIST_TYPE              ; -- (Not supported for targeted family)                 ; --             ; cyclone4_top ; Top        ;
; POWER_BOARD_THERMAL_MODEL           ; None (CONSERVATIVE)                                    ; --             ; --           ; --         ;
; POWER_DEFAULT_INPUT_IO_TOGGLE_RATE  ; 12.5 %                                                 ; 12.5%          ; --           ; --         ;
; POWER_PRESET_COOLING_SOLUTION       ; 23 MM HEAT SINK WITH 200 LFPM AIRFLOW                  ; --             ; --           ; --         ;
; PROJECT_OUTPUT_DIRECTORY            ; output_files                                           ; --             ; --           ; --         ;
; TOP_LEVEL_ENTITY                    ; cyclone4_top                                           ; cyclone4_slave ; --           ; --         ;
+-------------------------------------+--------------------------------------------------------+----------------+--------------+------------+


+--------------------------------------------------------------------------------------------------------------------------+
; Flow Elapsed Time                                                                                                        ;
+----------------------+--------------+-------------------------+---------------------+------------------------------------+
; Module Name          ; Elapsed Time ; Average Processors Used ; Peak Virtual Memory ; Total CPU Time (on all processors) ;
+----------------------+--------------+-------------------------+---------------------+------------------------------------+
; Analysis & Synthesis ; 00:00:12     ; 1.0                     ; 4799 MB             ; 00:00:26                           ;
; Fitter               ; 00:00:05     ; 1.0                     ; 5522 MB             ; 00:00:06                           ;
; Assembler            ; 00:00:01     ; 1.0                     ; 4672 MB             ; 00:00:01                           ;
; Power Analyzer       ; 00:00:02     ; 1.0                     ; 4790 MB             ; 00:00:02                           ;
; Timing Analyzer      ; 00:00:02     ; 1.1                     ; 4752 MB             ; 00:00:02                           ;
; Total                ; 00:00:22     ; --                      ; --                  ; 00:00:37                           ;
+----------------------+--------------+-------------------------+---------------------+------------------------------------+


+------------------------------------------------------------------------------------+
; Flow OS Summary                                                                    ;
+----------------------+------------------+------------+------------+----------------+
; Module Name          ; Machine Hostname ; OS Name    ; OS Version ; Processor type ;
+----------------------+------------------+------------+------------+----------------+
; Analysis & Synthesis ; DESKTOP-Q6OHLG8  ; Windows 10 ; 10.0       ; x86_64         ;
; Fitter               ; DESKTOP-Q6OHLG8  ; Windows 10 ; 10.0       ; x86_64         ;
; Assembler            ; DESKTOP-Q6OHLG8  ; Windows 10 ; 10.0       ; x86_64         ;
; Power Analyzer       ; DESKTOP-Q6OHLG8  ; Windows 10 ; 10.0       ; x86_64         ;
; Timing Analyzer      ; DESKTOP-Q6OHLG8  ; Windows 10 ; 10.0       ; x86_64         ;
+----------------------+------------------+------------+------------+----------------+


------------
; Flow Log ;
------------
quartus_map --read_settings_files=on --write_settings_files=off cyclone4_slave -c cyclone4_slave
quartus_fit --read_settings_files=off --write_settings_files=off cyclone4_slave -c cyclone4_slave
quartus_asm --read_settings_files=off --write_settings_files=off cyclone4_slave -c cyclone4_slave
quartus_pow --read_settings_files=off --write_settings_files=off cyclone4_slave -c cyclone4_slave
quartus_sta cyclone4_slave -c cyclone4_slave



